# JRE version: Java(TM) SE Runtime Environment (8.0_221-b11) (build 1.8.0_221-b11)
# Java VM: Java HotSpot(TM) 64-Bit Server VM (25.221-b11 mixed mode windows-amd64 compressed oops)
Heap:
 PSYoungGen      total 74240K, used 40601K [0x00000000eb200000, 0x00000000f0300000, 0x0000000100000000)
  eden space 65536K, 61% used [0x00000000eb200000,0x00000000ed9a6580,0x00000000ef200000)
  from space 8704K, 0% used [0x00000000efa80000,0x00000000efa80000,0x00000000f0300000)
  to   space 8704K, 0% used [0x00000000ef200000,0x00000000ef200000,0x00000000efa80000)
 ParOldGen       total 39936K, used 9265K [0x00000000c1600000, 0x00000000c3d00000, 0x00000000eb200000)
  object space 39936K, 23% used [0x00000000c1600000,0x00000000c1f0c470,0x00000000c3d00000)
 Metaspace       used 24176K, capacity 24642K, committed 24960K, reserved 1071104K
  class space    used 2902K, capacity 3077K, committed 3200K, reserved 1048576K
GC Heap History (10 events):
Event: 1.129 GC heap before
{Heap before GC invocations=3 (full 0):
 PSYoungGen      total 18944K, used 18909K [0x00000000eb200000, 0x00000000ed700000, 0x0000000100000000)
  eden space 16384K, 99% used [0x00000000eb200000,0x00000000ec1fc808,0x00000000ec200000)
  from space 2560K, 99% used [0x00000000ec480000,0x00000000ec6fafc0,0x00000000ec700000)
  to   space 2560K, 0% used [0x00000000ec200000,0x00000000ec200000,0x00000000ec480000)
 ParOldGen       total 44032K, used 834K [0x00000000c1600000, 0x00000000c4100000, 0x00000000eb200000)
  object space 44032K, 1% used [0x00000000c1600000,0x00000000c16d0b38,0x00000000c4100000)
 Metaspace       used 9955K, capacity 10100K, committed 10368K, reserved 1058816K
  class space    used 1234K, capacity 1281K, committed 1408K, reserved 1048576K
Event: 1.134 GC heap after
Heap after GC invocations=3 (full 0):
 PSYoungGen      total 18944K, used 2530K [0x00000000eb200000, 0x00000000ed700000, 0x0000000100000000)
  eden space 16384K, 0% used [0x00000000eb200000,0x00000000eb200000,0x00000000ec200000)
  from space 2560K, 98% used [0x00000000ec200000,0x00000000ec478808,0x00000000ec480000)
  to   space 2560K, 0% used [0x00000000ed480000,0x00000000ed480000,0x00000000ed700000)
 ParOldGen       total 44032K, used 2948K [0x00000000c1600000, 0x00000000c4100000, 0x00000000eb200000)
  object space 44032K, 6% used [0x00000000c1600000,0x00000000c18e10b8,0x00000000c4100000)
 Metaspace       used 9955K, capacity 10100K, committed 10368K, reserved 1058816K
  class space    used 1234K, capacity 1281K, committed 1408K, reserved 1048576K
}
Event: 1.478 GC heap before
{Heap before GC invocations=4 (full 0):
 PSYoungGen      total 18944K, used 18914K [0x00000000eb200000, 0x00000000ed700000, 0x0000000100000000)
  eden space 16384K, 100% used [0x00000000eb200000,0x00000000ec200000,0x00000000ec200000)
  from space 2560K, 98% used [0x00000000ec200000,0x00000000ec478808,0x00000000ec480000)
  to   space 2560K, 0% used [0x00000000ed480000,0x00000000ed480000,0x00000000ed700000)
 ParOldGen       total 44032K, used 2948K [0x00000000c1600000, 0x00000000c4100000, 0x00000000eb200000)
  object space 44032K, 6% used [0x00000000c1600000,0x00000000c18e10b8,0x00000000c4100000)
 Metaspace       used 11985K, capacity 12170K, committed 12416K, reserved 1060864K
  class space    used 1530K, capacity 1605K, committed 1664K, reserved 1048576K
Event: 1.485 GC heap after
Heap after GC invocations=4 (full 0):
 PSYoungGen      total 35328K, used 2544K [0x00000000eb200000, 0x00000000ed700000, 0x0000000100000000)
  eden space 32768K, 0% used [0x00000000eb200000,0x00000000eb200000,0x00000000ed200000)
  from space 2560K, 99% used [0x00000000ed480000,0x00000000ed6fc010,0x00000000ed700000)
  to   space 2560K, 0% used [0x00000000ed200000,0x00000000ed200000,0x00000000ed480000)
 ParOldGen       total 44032K, used 5561K [0x00000000c1600000, 0x00000000c4100000, 0x00000000eb200000)
  object space 44032K, 12% used [0x00000000c1600000,0x00000000c1b6e520,0x00000000c4100000)
 Metaspace       used 11985K, capacity 12170K, committed 12416K, reserved 1060864K
  class space    used 1530K, capacity 1605K, committed 1664K, reserved 1048576K
}
Event: 3.561 GC heap before
{Heap before GC invocations=5 (full 0):
 PSYoungGen      total 35328K, used 35312K [0x00000000eb200000, 0x00000000ed700000, 0x0000000100000000)
  eden space 32768K, 100% used [0x00000000eb200000,0x00000000ed200000,0x00000000ed200000)
  from space 2560K, 99% used [0x00000000ed480000,0x00000000ed6fc010,0x00000000ed700000)
  to   space 2560K, 0% used [0x00000000ed200000,0x00000000ed200000,0x00000000ed480000)
 ParOldGen       total 44032K, used 5561K [0x00000000c1600000, 0x00000000c4100000, 0x00000000eb200000)
  object space 44032K, 12% used [0x00000000c1600000,0x00000000c1b6e520,0x00000000c4100000)
 Metaspace       used 18728K, capacity 19106K, committed 19328K, reserved 1067008K
  class space    used 2254K, capacity 2407K, committed 2432K, reserved 1048576K
Event: 3.573 GC heap after
Heap after GC invocations=5 (full 0):
 PSYoungGen      total 35328K, used 2544K [0x00000000eb200000, 0x00000000f0300000, 0x0000000100000000)
  eden space 32768K, 0% used [0x00000000eb200000,0x00000000eb200000,0x00000000ed200000)
  from space 2560K, 99% used [0x00000000ed200000,0x00000000ed47c010,0x00000000ed480000)
  to   space 8704K, 0% used [0x00000000efa80000,0x00000000efa80000,0x00000000f0300000)
 ParOldGen       total 44032K, used 11524K [0x00000000c1600000, 0x00000000c4100000, 0x00000000eb200000)
  object space 44032K, 26% used [0x00000000c1600000,0x00000000c2141010,0x00000000c4100000)
 Metaspace       used 18728K, capacity 19106K, committed 19328K, reserved 1067008K
  class space    used 2254K, capacity 2407K, committed 2432K, reserved 1048576K
}
Event: 6.907 GC heap before
{Heap before GC invocations=6 (full 0):
 PSYoungGen      total 35328K, used 33799K [0x00000000eb200000, 0x00000000f0300000, 0x0000000100000000)
  eden space 32768K, 95% used [0x00000000eb200000,0x00000000ed085cb8,0x00000000ed200000)
  from space 2560K, 99% used [0x00000000ed200000,0x00000000ed47c010,0x00000000ed480000)
  to   space 8704K, 0% used [0x00000000efa80000,0x00000000efa80000,0x00000000f0300000)
 ParOldGen       total 44032K, used 11524K [0x00000000c1600000, 0x00000000c4100000, 0x00000000eb200000)
  object space 44032K, 26% used [0x00000000c1600000,0x00000000c2141010,0x00000000c4100000)
 Metaspace       used 20688K, capacity 21086K, committed 21296K, reserved 1069056K
  class space    used 2448K, capacity 2613K, committed 2688K, reserved 1048576K
Event: 6.920 GC heap after
Heap after GC invocations=6 (full 0):
 PSYoungGen      total 74240K, used 5592K [0x00000000eb200000, 0x00000000f0300000, 0x0000000100000000)
  eden space 65536K, 0% used [0x00000000eb200000,0x00000000eb200000,0x00000000ef200000)
  from space 8704K, 64% used [0x00000000efa80000,0x00000000efff6388,0x00000000f0300000)
  to   space 8704K, 0% used [0x00000000ef200000,0x00000000ef200000,0x00000000efa80000)
 ParOldGen       total 44032K, used 11532K [0x00000000c1600000, 0x00000000c4100000, 0x00000000eb200000)
  object space 44032K, 26% used [0x00000000c1600000,0x00000000c2143010,0x00000000c4100000)
 Metaspace       used 20688K, capacity 21086K, committed 21296K, reserved 1069056K
  class space    used 2448K, capacity 2613K, committed 2688K, reserved 1048576K
}
Event: 6.920 GC heap before
{Heap before GC invocations=7 (full 1):
 PSYoungGen      total 74240K, used 5592K [0x00000000eb200000, 0x00000000f0300000, 0x0000000100000000)
  eden space 65536K, 0% used [0x00000000eb200000,0x00000000eb200000,0x00000000ef200000)
  from space 8704K, 64% used [0x00000000efa80000,0x00000000efff6388,0x00000000f0300000)
  to   space 8704K, 0% used [0x00000000ef200000,0x00000000ef200000,0x00000000efa80000)
 ParOldGen       total 44032K, used 11532K [0x00000000c1600000, 0x00000000c4100000, 0x00000000eb200000)
  object space 44032K, 26% used [0x00000000c1600000,0x00000000c2143010,0x00000000c4100000)
 Metaspace       used 20688K, capacity 21086K, committed 21296K, reserved 1069056K
  class space    used 2448K, capacity 2613K, committed 2688K, reserved 1048576K
Event: 6.985 GC heap after
Heap after GC invocations=7 (full 1):
 PSYoungGen      total 74240K, used 0K [0x00000000eb200000, 0x00000000f0300000, 0x0000000100000000)
  eden space 65536K, 0% used [0x00000000eb200000,0x00000000eb200000,0x00000000ef200000)
  from space 8704K, 0% used [0x00000000efa80000,0x00000000efa80000,0x00000000f0300000)
  to   space 8704K, 0% used [0x00000000ef200000,0x00000000ef200000,0x00000000efa80000)
 ParOldGen       total 39936K, used 9265K [0x00000000c1600000, 0x00000000c3d00000, 0x00000000eb200000)
  object space 39936K, 23% used [0x00000000c1600000,0x00000000c1f0c470,0x00000000c3d00000)
 Metaspace       used 20688K, capacity 21086K, committed 21296K, reserved 1069056K
  class space    used 2448K, capacity 2613K, committed 2688K, reserved 1048576K
}

